<?xml version="1.0" encoding="UTF-8"?>
<testsuites name="AnalyticsCheck" time="18" tests="1" failures="0" errors="0">
   <testsuite name="AnalyticsCheck" tests="1" failures="0" errors="0" time="18" timestamp="2019-04-06 23:17:57" hostname="BikashMishra - BikashMR" id="Test Suites/AnalyticsCheck">
      <properties>
         <property name="deviceName" value=""/>
         <property name="devicePlatform" value=""/>
         <property name="logFolder" value="C:\\Users\\BikashMishra\\Katalon Studio\\API Demo Project1\\Reports\\AnalyticsCheck\\20190406_231747"/>
         <property name="logFiles" value="C:\\Users\\BikashMishra\\Katalon Studio\\API Demo Project1\\Reports\\AnalyticsCheck\\20190406_231747\\execution0.log"/>
         <property name="attachments" value=""/>
         <property name="hostName" value="BikashMishra - BikashMR"/>
         <property name="hostAddress" value="192.168.31.232"/>
         <property name="os" value="Windows 8.1 64bit"/>
         <property name="katalonVersion" value="6.1.0.1"/>
      </properties>
      <testcase name="Test Cases/TestHTTPMethods" classname="Test Cases/TestHTTPMethods" status="PASSED">
         <system-out><![CDATA[2019-04-06 23:17:58 - [TEST_CASE][PASSED] - Test Cases/TestHTTPMethods: Test Cases/TestHTTPMethods

2019-04-06 23:17:59 - [TEST_STEP][PASSED] - sendRequest(findTestObject("UserService/Listusers")): Send request successfully

2019-04-06 23:18:06 - [MESSAGE][INFO] - HAR: C:\Users\BikashMishra\Katalon Studio\API Demo Project1\Reports\AnalyticsCheck\20190406_231747\requests\main\0.har

2019-04-06 23:18:06 - [MESSAGE][PASSED] - Send request successfully

2019-04-06 23:18:06 - [TEST_STEP][PASSED] - sendRequestAndVerify(findTestObject("UserService/Createuser")): Send request and verify the response successfully

2019-04-06 23:18:07 - [TEST_CASE][PASSED] - Start Test Case : Verification: Verification accomplished successfully

2019-04-06 23:18:08 - [TEST_STEP][PASSED] - request = getInstance().getCurrentRequest(): null

2019-04-06 23:18:08 - [TEST_STEP][PASSED] - response = getInstance().getCurrentResponse(): null

2019-04-06 23:18:08 - [TEST_STEP][PASSED] - verifyResponseStatusCode(response, 201): Verify response status code successfully

2019-04-06 23:18:08 - [MESSAGE][PASSED] - Verify response status code successfully

2019-04-06 23:18:08 - [TEST_STEP][PASSED] - getStatusCode()).isEqualTo(201): null

2019-04-06 23:18:08 - [MESSAGE][PASSED] - Verify response successfully

2019-04-06 23:18:08 - [MESSAGE][PASSED] - Send request and verify the response successfully

2019-04-06 23:18:08 - [TEST_STEP][PASSED] - sendRequestAndVerify(findTestObject("UserService/Listusers")): Send request and verify the response successfully

2019-04-06 23:18:09 - [TEST_CASE][PASSED] - Start Test Case : Verification: Verification accomplished successfully

2019-04-06 23:18:10 - [TEST_STEP][PASSED] - request = getInstance().getCurrentRequest(): null

2019-04-06 23:18:10 - [TEST_STEP][PASSED] - response = getInstance().getCurrentResponse(): null

2019-04-06 23:18:10 - [TEST_STEP][PASSED] - verifyResponseStatusCode(response, 200): Verify response status code successfully

2019-04-06 23:18:10 - [MESSAGE][PASSED] - Verify response status code successfully

2019-04-06 23:18:10 - [TEST_STEP][PASSED] - getStatusCode()).isEqualTo(200): null

2019-04-06 23:18:10 - [TEST_STEP][PASSED] - verifyElementPropertyValue(response, "data[0].first_name", "Eve"): Verify element property value successfully

2019-04-06 23:18:10 - [MESSAGE][PASSED] - Verify element property value successfully

2019-04-06 23:18:10 - [MESSAGE][PASSED] - Verify response successfully

2019-04-06 23:18:10 - [MESSAGE][PASSED] - Send request and verify the response successfully

2019-04-06 23:18:10 - [TEST_STEP][PASSED] - sendRequestAndVerify(findTestObject("UserService/Updateuser")): Send request and verify the response successfully

2019-04-06 23:18:11 - [TEST_CASE][PASSED] - Start Test Case : Verification: Verification accomplished successfully

2019-04-06 23:18:11 - [TEST_STEP][PASSED] - request = getInstance().getCurrentRequest(): null

2019-04-06 23:18:11 - [TEST_STEP][PASSED] - response = getInstance().getCurrentResponse(): null

2019-04-06 23:18:11 - [TEST_STEP][PASSED] - verifyResponseStatusCode(response, 200): Verify response status code successfully

2019-04-06 23:18:11 - [MESSAGE][PASSED] - Verify response status code successfully

2019-04-06 23:18:11 - [TEST_STEP][PASSED] - getStatusCode()).isEqualTo(200): null

2019-04-06 23:18:11 - [MESSAGE][PASSED] - Verify response successfully

2019-04-06 23:18:11 - [MESSAGE][PASSED] - Send request and verify the response successfully

2019-04-06 23:18:11 - [TEST_STEP][PASSED] - sendRequestAndVerify(findTestObject("UserService/Listusers")): Send request and verify the response successfully

2019-04-06 23:18:12 - [TEST_CASE][PASSED] - Start Test Case : Verification: Verification accomplished successfully

2019-04-06 23:18:12 - [TEST_STEP][PASSED] - request = getInstance().getCurrentRequest(): null

2019-04-06 23:18:12 - [TEST_STEP][PASSED] - response = getInstance().getCurrentResponse(): null

2019-04-06 23:18:12 - [TEST_STEP][PASSED] - verifyResponseStatusCode(response, 200): Verify response status code successfully

2019-04-06 23:18:12 - [MESSAGE][PASSED] - Verify response status code successfully

2019-04-06 23:18:12 - [TEST_STEP][PASSED] - getStatusCode()).isEqualTo(200): null

2019-04-06 23:18:12 - [TEST_STEP][PASSED] - verifyElementPropertyValue(response, "data[0].first_name", "Eve"): Verify element property value successfully

2019-04-06 23:18:12 - [MESSAGE][PASSED] - Verify element property value successfully

2019-04-06 23:18:12 - [MESSAGE][PASSED] - Verify response successfully

2019-04-06 23:18:12 - [MESSAGE][PASSED] - Send request and verify the response successfully

2019-04-06 23:18:12 - [TEST_STEP][PASSED] - sendRequestAndVerify(findTestObject("UserService/Deleteuser")): Send request and verify the response successfully

2019-04-06 23:18:14 - [TEST_CASE][PASSED] - Start Test Case : Verification: Verification accomplished successfully

2019-04-06 23:18:14 - [TEST_STEP][PASSED] - request = getInstance().getCurrentRequest(): null

2019-04-06 23:18:14 - [TEST_STEP][PASSED] - response = getInstance().getCurrentResponse(): null

2019-04-06 23:18:14 - [TEST_STEP][PASSED] - verifyResponseStatusCode(response, 204): Verify response status code successfully

2019-04-06 23:18:14 - [MESSAGE][PASSED] - Verify response status code successfully

2019-04-06 23:18:14 - [TEST_STEP][PASSED] - getStatusCode()).isEqualTo(204): null

2019-04-06 23:18:14 - [MESSAGE][PASSED] - Verify response successfully

2019-04-06 23:18:14 - [MESSAGE][PASSED] - Send request and verify the response successfully

2019-04-06 23:18:14 - [TEST_STEP][PASSED] - sendRequestAndVerify(findTestObject("UserService/Listusers")): Send request and verify the response successfully

2019-04-06 23:18:15 - [TEST_CASE][PASSED] - Start Test Case : Verification: Verification accomplished successfully

2019-04-06 23:18:15 - [TEST_STEP][PASSED] - request = getInstance().getCurrentRequest(): null

2019-04-06 23:18:15 - [TEST_STEP][PASSED] - response = getInstance().getCurrentResponse(): null

2019-04-06 23:18:15 - [TEST_STEP][PASSED] - verifyResponseStatusCode(response, 200): Verify response status code successfully

2019-04-06 23:18:15 - [MESSAGE][PASSED] - Verify response status code successfully

2019-04-06 23:18:15 - [TEST_STEP][PASSED] - getStatusCode()).isEqualTo(200): null

2019-04-06 23:18:15 - [TEST_STEP][PASSED] - verifyElementPropertyValue(response, "data[0].first_name", "Eve"): Verify element property value successfully

2019-04-06 23:18:15 - [MESSAGE][PASSED] - Verify element property value successfully

2019-04-06 23:18:15 - [MESSAGE][PASSED] - Verify response successfully

2019-04-06 23:18:15 - [MESSAGE][PASSED] - Send request and verify the response successfully]]></system-out>
         <system-err><![CDATA[]]></system-err>
      </testcase>
      <system-out><![CDATA[2019-04-06 23:17:57 - [TEST_SUITE][PASSED] - AnalyticsCheck: Test Cases/TestHTTPMethods]]></system-out>
      <system-err><![CDATA[]]></system-err>
   </testsuite>
</testsuites>
